<?xml version="1.0" encoding="UTF-8"?>
<testng-results ignored="0" total="1" passed="1" failed="0" skipped="0">
  <reporter-output>
  </reporter-output>
  <suite started-at="2024-07-15T22:46:58 IST" name="Default suite" finished-at="2024-07-15T22:47:05 IST" duration-ms="6318">
    <groups>
    </groups>
    <test started-at="2024-07-15T22:46:58 IST" name="Default test" finished-at="2024-07-15T22:47:05 IST" duration-ms="6318">
      <class name="com.comcast.ecommerce.PracticeTest.practice">
        <test-method signature="sampleTest()[pri:0, instance:com.comcast.ecommerce.PracticeTest.practice@20ce78ec]" started-at="2024-07-15T22:46:58 IST" name="sampleTest" finished-at="2024-07-15T22:47:05 IST" duration-ms="6289" status="PASS">
          <reporter-output>
          </reporter-output>
        </test-method> <!-- sampleTest -->
      </class> <!-- com.comcast.ecommerce.PracticeTest.practice -->
    </test> <!-- Default test -->
  </suite> <!-- Default suite -->
</testng-results>
