<?xml version="1.0" encoding="UTF-8"?>
<!-- Generated by org.testng.reporters.JUnitXMLReporter -->
<testsuite ignored="0" hostname="FFE-Subham-Vishwakarma" failures="0" tests="3" name="Test1" time="14.096" errors="0" timestamp="2024-07-15T11:54:30 IST">
  <testcase classname="com.comcast.ecommerce.PracticeTest.DataProvider" name="sampleTest" time="4.494"/>
  <testcase classname="com.comcast.ecommerce.PracticeTest.DataProvider" name="sampleTest" time="5.024"/>
  <testcase classname="com.comcast.ecommerce.PracticeTest.DataProvider" name="sampleTest" time="4.547"/>
</testsuite> <!-- Test1 -->
